[framework] 2013-12-06 13:42:51,658 - org.hibernate.annotations.common.Version -0    [main] INFO  org.hibernate.annotations.common.Version  - HCANN000001: Hibernate Commons Annotations {4.0.1.Final}
 [framework] 2013-12-06 13:42:51,671 - org.hibernate.Version -13   [main] INFO  org.hibernate.Version  - HHH000412: Hibernate Core {4.2.1.Final}
 [framework] 2013-12-06 13:42:51,673 - org.hibernate.cfg.Environment -15   [main] INFO  org.hibernate.cfg.Environment  - HHH000206: hibernate.properties not found
 [framework] 2013-12-06 13:42:51,674 - org.hibernate.cfg.Environment -16   [main] INFO  org.hibernate.cfg.Environment  - HHH000021: Bytecode provider name : javassist
 [framework] 2013-12-06 13:42:52,263 - org.hibernate.service.jdbc.connections.internal.DriverManagerConnectionProviderImpl -605  [main] INFO  org.hibernate.service.jdbc.connections.internal.DriverManagerConnectionProviderImpl  - HHH000402: Using Hibernate built-in connection pool (not for production use!)
 [framework] 2013-12-06 13:42:52,276 - org.hibernate.service.jdbc.connections.internal.DriverManagerConnectionProviderImpl -618  [main] INFO  org.hibernate.service.jdbc.connections.internal.DriverManagerConnectionProviderImpl  - HHH000115: Hibernate connection pool size: 20
 [framework] 2013-12-06 13:42:52,276 - org.hibernate.service.jdbc.connections.internal.DriverManagerConnectionProviderImpl -618  [main] INFO  org.hibernate.service.jdbc.connections.internal.DriverManagerConnectionProviderImpl  - HHH000006: Autocommit mode: true
 [framework] 2013-12-06 13:42:52,276 - org.hibernate.service.jdbc.connections.internal.DriverManagerConnectionProviderImpl -618  [main] INFO  org.hibernate.service.jdbc.connections.internal.DriverManagerConnectionProviderImpl  - HHH000401: using driver [com.mysql.jdbc.Driver] at URL [jdbc:mysql://localhost:3306/jpa]
 [framework] 2013-12-06 13:42:52,276 - org.hibernate.service.jdbc.connections.internal.DriverManagerConnectionProviderImpl -618  [main] INFO  org.hibernate.service.jdbc.connections.internal.DriverManagerConnectionProviderImpl  - HHH000046: Connection properties: {user=root, password=****, autocommit=true, release_mode=auto}
 [framework] 2013-12-06 13:42:52,652 - org.hibernate.dialect.Dialect -994  [main] INFO  org.hibernate.dialect.Dialect  - HHH000400: Using dialect: org.hibernate.dialect.MySQL5Dialect
 [framework] 2013-12-06 13:42:52,695 - org.hibernate.engine.transaction.internal.TransactionFactoryInitiator -1037 [main] INFO  org.hibernate.engine.transaction.internal.TransactionFactoryInitiator  - HHH000268: Transaction strategy: org.hibernate.engine.transaction.internal.jdbc.JdbcTransactionFactory
 [framework] 2013-12-06 13:42:52,705 - org.hibernate.hql.internal.ast.ASTQueryTranslatorFactory -1047 [main] INFO  org.hibernate.hql.internal.ast.ASTQueryTranslatorFactory  - HHH000397: Using ASTQueryTranslatorFactory
 [framework] 2013-12-06 13:42:53,017 - org.hibernate.tool.hbm2ddl.SchemaUpdate -1359 [main] INFO  org.hibernate.tool.hbm2ddl.SchemaUpdate  - HHH000228: Running hbm2ddl schema update
 [framework] 2013-12-06 13:42:53,017 - org.hibernate.tool.hbm2ddl.SchemaUpdate -1359 [main] INFO  org.hibernate.tool.hbm2ddl.SchemaUpdate  - HHH000102: Fetching database metadata
 [framework] 2013-12-06 13:42:53,018 - org.hibernate.tool.hbm2ddl.SchemaUpdate -1360 [main] INFO  org.hibernate.tool.hbm2ddl.SchemaUpdate  - HHH000396: Updating schema
 [framework] 2013-12-06 13:42:53,583 - org.hibernate.tool.hbm2ddl.TableMetadata -1925 [main] INFO  org.hibernate.tool.hbm2ddl.TableMetadata  - HHH000261: Table found: jpa.js_customers
 [framework] 2013-12-06 13:42:53,583 - org.hibernate.tool.hbm2ddl.TableMetadata -1925 [main] INFO  org.hibernate.tool.hbm2ddl.TableMetadata  - HHH000037: Columns: [id, name]
 [framework] 2013-12-06 13:42:53,583 - org.hibernate.tool.hbm2ddl.TableMetadata -1925 [main] INFO  org.hibernate.tool.hbm2ddl.TableMetadata  - HHH000108: Foreign keys: []
 [framework] 2013-12-06 13:42:53,583 - org.hibernate.tool.hbm2ddl.TableMetadata -1925 [main] INFO  org.hibernate.tool.hbm2ddl.TableMetadata  - HHH000126: Indexes: [primary]
 [framework] 2013-12-06 13:42:53,602 - org.hibernate.tool.hbm2ddl.SchemaUpdate -1944 [main] INFO  org.hibernate.tool.hbm2ddl.SchemaUpdate  - HHH000232: Schema update complete
 